# JRE version: OpenJDK Runtime Environment Microsoft-7208460 (11.0.18+10) (build 11.0.18+10-LTS)
# Java VM: OpenJDK 64-Bit Server VM Microsoft-7208460 (11.0.18+10-LTS, mixed mode, tiered, compressed oops, g1 gc, windows-amd64)
Heap:
 garbage-first heap   total 315392K, used 270208K [0x0000000080000000, 0x0000000100000000)
  region size 1024K, 13 young (13312K), 1 survivors (1024K)
 Metaspace       used 132226K, capacity 137860K, committed 138064K, reserved 634880K
  class space    used 17099K, capacity 19339K, committed 19456K, reserved 516096K
GC Heap History (20 events):
Event: 65.841 GC heap before
{Heap before GC invocations=115 (full 0):
 garbage-first heap   total 315392K, used 267319K [0x0000000080000000, 0x0000000100000000)
  region size 1024K, 25 young (25600K), 4 survivors (4096K)
 Metaspace       used 131928K, capacity 137614K, committed 137680K, reserved 634880K
  class space    used 17066K, capacity 19323K, committed 19328K, reserved 516096K
}
Event: 65.846 GC heap after
{Heap after GC invocations=116 (full 0):
 garbage-first heap   total 315392K, used 248855K [0x0000000080000000, 0x0000000100000000)
  region size 1024K, 2 young (2048K), 2 survivors (2048K)
 Metaspace       used 131928K, capacity 137614K, committed 137680K, reserved 634880K
  class space    used 17066K, capacity 19323K, committed 19328K, reserved 516096K
}
Event: 65.892 GC heap before
{Heap before GC invocations=116 (full 0):
 garbage-first heap   total 315392K, used 254999K [0x0000000080000000, 0x0000000100000000)
  region size 1024K, 9 young (9216K), 2 survivors (2048K)
 Metaspace       used 131928K, capacity 137614K, committed 137680K, reserved 634880K
  class space    used 17066K, capacity 19323K, committed 19328K, reserved 516096K
}
Event: 65.895 GC heap after
{Heap after GC invocations=117 (full 0):
 garbage-first heap   total 315392K, used 249292K [0x0000000080000000, 0x0000000100000000)
  region size 1024K, 1 young (1024K), 1 survivors (1024K)
 Metaspace       used 131928K, capacity 137614K, committed 137680K, reserved 634880K
  class space    used 17066K, capacity 19323K, committed 19328K, reserved 516096K
}
Event: 66.052 GC heap before
{Heap before GC invocations=117 (full 0):
 garbage-first heap   total 315392K, used 270796K [0x0000000080000000, 0x0000000100000000)
  region size 1024K, 19 young (19456K), 1 survivors (1024K)
 Metaspace       used 131931K, capacity 137614K, committed 137680K, reserved 634880K
  class space    used 17066K, capacity 19323K, committed 19328K, reserved 516096K
}
Event: 66.054 GC heap after
{Heap after GC invocations=118 (full 0):
 garbage-first heap   total 315392K, used 251121K [0x0000000080000000, 0x0000000100000000)
  region size 1024K, 3 young (3072K), 3 survivors (3072K)
 Metaspace       used 131931K, capacity 137614K, committed 137680K, reserved 634880K
  class space    used 17066K, capacity 19323K, committed 19328K, reserved 516096K
}
Event: 66.230 GC heap before
{Heap before GC invocations=119 (full 0):
 garbage-first heap   total 315392K, used 272625K [0x0000000080000000, 0x0000000100000000)
  region size 1024K, 21 young (21504K), 3 survivors (3072K)
 Metaspace       used 131971K, capacity 137626K, committed 137680K, reserved 634880K
  class space    used 17070K, capacity 19327K, committed 19328K, reserved 516096K
}
Event: 66.233 GC heap after
{Heap after GC invocations=120 (full 0):
 garbage-first heap   total 315392K, used 253153K [0x0000000080000000, 0x0000000100000000)
  region size 1024K, 3 young (3072K), 3 survivors (3072K)
 Metaspace       used 131971K, capacity 137626K, committed 137680K, reserved 634880K
  class space    used 17070K, capacity 19327K, committed 19328K, reserved 516096K
}
Event: 66.275 GC heap before
{Heap before GC invocations=120 (full 0):
 garbage-first heap   total 315392K, used 264417K [0x0000000080000000, 0x0000000100000000)
  region size 1024K, 15 young (15360K), 3 survivors (3072K)
 Metaspace       used 131971K, capacity 137626K, committed 137680K, reserved 634880K
  class space    used 17070K, capacity 19327K, committed 19328K, reserved 516096K
}
Event: 66.284 GC heap after
{Heap after GC invocations=121 (full 0):
 garbage-first heap   total 315392K, used 252257K [0x0000000080000000, 0x0000000100000000)
  region size 1024K, 2 young (2048K), 2 survivors (2048K)
 Metaspace       used 131971K, capacity 137626K, committed 137680K, reserved 634880K
  class space    used 17070K, capacity 19327K, committed 19328K, reserved 516096K
}
Event: 66.370 GC heap before
{Heap before GC invocations=121 (full 0):
 garbage-first heap   total 315392K, used 266593K [0x0000000080000000, 0x0000000100000000)
  region size 1024K, 18 young (18432K), 2 survivors (2048K)
 Metaspace       used 131972K, capacity 137626K, committed 137680K, reserved 634880K
  class space    used 17070K, capacity 19327K, committed 19328K, reserved 516096K
}
Event: 66.374 GC heap after
{Heap after GC invocations=122 (full 0):
 garbage-first heap   total 315392K, used 253681K [0x0000000080000000, 0x0000000100000000)
  region size 1024K, 2 young (2048K), 2 survivors (2048K)
 Metaspace       used 131972K, capacity 137626K, committed 137680K, reserved 634880K
  class space    used 17070K, capacity 19327K, committed 19328K, reserved 516096K
}
Event: 66.504 GC heap before
{Heap before GC invocations=122 (full 0):
 garbage-first heap   total 315392K, used 276209K [0x0000000080000000, 0x0000000100000000)
  region size 1024K, 21 young (21504K), 2 survivors (2048K)
 Metaspace       used 131973K, capacity 137626K, committed 137680K, reserved 634880K
  class space    used 17070K, capacity 19327K, committed 19328K, reserved 516096K
}
Event: 66.507 GC heap after
{Heap after GC invocations=123 (full 0):
 garbage-first heap   total 315392K, used 255563K [0x0000000080000000, 0x0000000100000000)
  region size 1024K, 3 young (3072K), 3 survivors (3072K)
 Metaspace       used 131973K, capacity 137626K, committed 137680K, reserved 634880K
  class space    used 17070K, capacity 19327K, committed 19328K, reserved 516096K
}
Event: 66.641 GC heap before
{Heap before GC invocations=123 (full 0):
 garbage-first heap   total 315392K, used 271947K [0x0000000080000000, 0x0000000100000000)
  region size 1024K, 20 young (20480K), 3 survivors (3072K)
 Metaspace       used 132000K, capacity 137631K, committed 137680K, reserved 634880K
  class space    used 17071K, capacity 19327K, committed 19328K, reserved 516096K
}
Event: 66.644 GC heap after
{Heap after GC invocations=124 (full 0):
 garbage-first heap   total 315392K, used 257097K [0x0000000080000000, 0x0000000100000000)
  region size 1024K, 2 young (2048K), 2 survivors (2048K)
 Metaspace       used 132000K, capacity 137631K, committed 137680K, reserved 634880K
  class space    used 17071K, capacity 19327K, committed 19328K, reserved 516096K
}
Event: 66.726 GC heap before
{Heap before GC invocations=125 (full 0):
 garbage-first heap   total 315392K, used 273481K [0x0000000080000000, 0x0000000100000000)
  region size 1024K, 19 young (19456K), 2 survivors (2048K)
 Metaspace       used 132039K, capacity 137701K, committed 138064K, reserved 634880K
  class space    used 17076K, capacity 19329K, committed 19456K, reserved 516096K
}
Event: 66.730 GC heap after
{Heap after GC invocations=126 (full 0):
 garbage-first heap   total 315392K, used 258861K [0x0000000080000000, 0x0000000100000000)
  region size 1024K, 2 young (2048K), 2 survivors (2048K)
 Metaspace       used 132039K, capacity 137701K, committed 138064K, reserved 634880K
  class space    used 17076K, capacity 19329K, committed 19456K, reserved 516096K
}
Event: 67.906 GC heap before
{Heap before GC invocations=126 (full 0):
 garbage-first heap   total 315392K, used 271149K [0x0000000080000000, 0x0000000100000000)
  region size 1024K, 15 young (15360K), 2 survivors (2048K)
 Metaspace       used 132190K, capacity 137796K, committed 138064K, reserved 634880K
  class space    used 17094K, capacity 19339K, committed 19456K, reserved 516096K
}
Event: 67.914 GC heap after
{Heap after GC invocations=127 (full 0):
 garbage-first heap   total 315392K, used 255930K [0x0000000080000000, 0x0000000100000000)
  region size 1024K, 2 young (2048K), 2 survivors (2048K)
 Metaspace       used 132190K, capacity 137796K, committed 138064K, reserved 634880K
  class space    used 17094K, capacity 19339K, committed 19456K, reserved 516096K
}

